2026-02-06 01:44:00,169 - whatsapp_worker.processors.actions - INFO - Stage transition: greeting -> cta
2026-02-06 01:44:01,736 - whatsapp_worker.processors.actions - INFO - Stage transition: greeting -> cta
2026-02-06 01:44:24,128 - whatsapp_worker.processors.actions - INFO - Stage transition: greeting -> pricing
2026-02-06 01:44:25,630 - whatsapp_worker.processors.actions - INFO - Stage transition: greeting -> cta
2026-02-06 01:45:02,185 - whatsapp_worker.processors.actions - INFO - Stage transition: greeting -> qualification
2026-02-06 01:45:04,079 - whatsapp_worker.processors.actions - INFO - Stage transition: greeting -> cta
2026-02-06 01:45:36,418 - whatsapp_worker.processors.actions - INFO - Stage transition: greeting -> pricing
2026-02-06 01:45:37,855 - whatsapp_worker.processors.actions - INFO - Stage transition: greeting -> cta
2026-02-06 01:46:08,325 - whatsapp_worker.processors.actions - INFO - Stage transition: greeting -> qualification
2026-02-06 01:46:09,810 - whatsapp_worker.processors.actions - INFO - Stage transition: greeting -> cta
2026-02-06 01:49:58,204 - whatsapp_worker.processors.actions - INFO - Stage transition: greeting -> pricing
2026-02-06 01:49:59,479 - whatsapp_worker.processors.actions - INFO - Stage transition: greeting -> cta
2026-02-06 01:50:54,234 - whatsapp_worker.processors.actions - INFO - Stage transition: greeting -> pricing
2026-02-06 01:50:55,404 - whatsapp_worker.processors.actions - INFO - Stage transition: greeting -> cta
2026-02-06 01:54:18,584 - whatsapp_worker.processors.actions - INFO - Stage transition: greeting -> qualification
2026-02-06 01:55:19,949 - whatsapp_worker.processors.actions - INFO - Stage transition: greeting -> qualification
2026-02-06 01:55:21,679 - whatsapp_worker.processors.actions - INFO - Stage transition: greeting -> cta
2026-02-06 01:55:23,289 - whatsapp_worker.processors.actions - INFO - Stage transition: greeting -> cta
2026-02-06 01:55:50,373 - whatsapp_worker.processors.actions - INFO - Stage transition: greeting -> pricing
2026-02-06 01:55:52,845 - whatsapp_worker.processors.actions - INFO - Stage transition: greeting -> cta
2026-02-06 01:58:19,351 - whatsapp_worker.processors.actions - INFO - Stage transition: greeting -> qualification
2026-02-06 01:58:21,785 - whatsapp_worker.processors.actions - INFO - Stage transition: greeting -> cta
2026-02-06 02:05:34,173 - whatsapp_worker.processors.actions - INFO - Stage transition: pricing -> cta
2026-02-06 02:05:36,553 - whatsapp_worker.processors.actions - INFO - Stage transition: pricing -> followup
2026-02-06 02:05:37,955 - whatsapp_worker.processors.actions - INFO - Stage transition: pricing -> followup
2026-02-06 02:05:39,613 - whatsapp_worker.processors.actions - INFO - Stage transition: pricing -> followup
2026-02-06 02:06:03,303 - whatsapp_worker.processors.actions - INFO - Stage transition: pricing -> cta
2026-02-06 02:06:33,084 - whatsapp_worker.processors.actions - INFO - Stage transition: pricing -> followup
2026-02-06 02:06:34,767 - whatsapp_worker.processors.actions - INFO - Stage transition: pricing -> followup
2026-02-06 02:06:36,676 - whatsapp_worker.processors.actions - INFO - Stage transition: pricing -> followup
2026-02-06 02:06:38,477 - whatsapp_worker.processors.actions - INFO - Stage transition: pricing -> followup
2026-02-06 02:07:17,543 - whatsapp_worker.processors.actions - INFO - Stage transition: pricing -> followup
2026-02-06 02:07:21,274 - whatsapp_worker.processors.actions - INFO - Stage transition: pricing -> qualification
2026-02-06 02:07:22,974 - whatsapp_worker.processors.actions - INFO - Stage transition: pricing -> followup
2026-02-06 02:07:25,318 - whatsapp_worker.processors.actions - INFO - Stage transition: pricing -> followup
2026-02-06 02:08:48,364 - whatsapp_worker.processors.actions - INFO - Stage transition: pricing -> followup
2026-02-06 02:08:50,242 - whatsapp_worker.processors.actions - INFO - Stage transition: pricing -> followup
2026-02-06 02:08:53,985 - whatsapp_worker.processors.actions - INFO - Stage transition: pricing -> qualification
2026-02-06 02:10:15,851 - whatsapp_worker.processors.actions - INFO - Stage transition: pricing -> followup
2026-02-06 02:10:17,867 - whatsapp_worker.processors.actions - INFO - Stage transition: pricing -> followup
2026-02-06 02:10:19,259 - whatsapp_worker.processors.actions - INFO - Stage transition: pricing -> cta
2026-02-06 02:10:21,058 - whatsapp_worker.processors.actions - INFO - Stage transition: pricing -> cta
2026-02-06 02:12:22,459 - whatsapp_worker.processors.actions - INFO - Stage transition: pricing -> followup
2026-02-06 02:12:24,330 - whatsapp_worker.processors.actions - INFO - Stage transition: pricing -> cta
2026-02-06 02:12:25,804 - whatsapp_worker.processors.actions - INFO - Stage transition: pricing -> followup
2026-02-06 02:12:27,387 - whatsapp_worker.processors.actions - INFO - Stage transition: pricing -> followup
2026-02-06 02:13:02,873 - whatsapp_worker.processors.actions - INFO - Stage transition: pricing -> followup
2026-02-06 02:13:04,701 - whatsapp_worker.processors.actions - INFO - Stage transition: pricing -> followup
2026-02-06 02:13:06,360 - whatsapp_worker.processors.actions - INFO - Stage transition: pricing -> followup
2026-02-06 02:13:08,130 - whatsapp_worker.processors.actions - INFO - Stage transition: pricing -> followup
2026-02-06 02:14:29,417 - whatsapp_worker.processors.actions - INFO - Stage transition: pricing -> followup
2026-02-06 02:14:32,727 - whatsapp_worker.processors.actions - INFO - Stage transition: pricing -> followup
2026-02-06 02:14:34,502 - whatsapp_worker.processors.actions - INFO - Stage transition: pricing -> followup
2026-02-06 02:16:49,569 - whatsapp_worker.processors.actions - INFO - Stage transition: pricing -> followup
2026-02-06 02:16:53,284 - whatsapp_worker.processors.actions - INFO - Stage transition: pricing -> followup
2026-02-06 02:16:55,010 - whatsapp_worker.processors.actions - INFO - Stage transition: pricing -> followup
2026-02-06 02:17:38,427 - whatsapp_worker.processors.actions - INFO - Stage transition: pricing -> cta
2026-02-06 02:17:40,145 - whatsapp_worker.processors.actions - INFO - Stage transition: pricing -> followup
2026-02-06 02:17:41,889 - whatsapp_worker.processors.actions - INFO - Stage transition: pricing -> followup
2026-02-06 02:17:43,843 - whatsapp_worker.processors.actions - INFO - Stage transition: pricing -> followup
2026-02-06 02:18:33,253 - whatsapp_worker.processors.actions - INFO - Stage transition: pricing -> followup
2026-02-06 02:18:35,455 - whatsapp_worker.processors.actions - INFO - Stage transition: pricing -> followup
2026-02-06 02:18:37,052 - whatsapp_worker.processors.actions - INFO - Stage transition: pricing -> cta
2026-02-06 02:18:39,039 - whatsapp_worker.processors.actions - INFO - Stage transition: pricing -> cta
2026-02-06 02:20:00,780 - whatsapp_worker.processors.actions - INFO - Stage transition: pricing -> followup
2026-02-06 02:20:02,803 - whatsapp_worker.processors.actions - INFO - Stage transition: pricing -> followup
2026-02-06 02:20:04,372 - whatsapp_worker.processors.actions - INFO - Stage transition: pricing -> cta
2026-02-06 02:20:05,926 - whatsapp_worker.processors.actions - INFO - Stage transition: pricing -> followup
2026-02-06 02:20:31,071 - whatsapp_worker.processors.actions - INFO - Stage transition: pricing -> followup
2026-02-06 02:20:46,385 - whatsapp_worker.processors.actions - INFO - Stage transition: pricing -> cta
2026-02-06 02:20:54,118 - whatsapp_worker.processors.actions - INFO - Stage transition: cta -> followup
2026-02-06 02:22:31,101 - whatsapp_worker.processors.actions - INFO - Stage transition: followup -> qualification
2026-02-06 02:22:33,746 - whatsapp_worker.processors.actions - INFO - Stage transition: qualification -> cta
2026-02-06 02:22:36,072 - whatsapp_worker.processors.actions - INFO - Stage transition: cta -> qualification
2026-02-06 02:23:56,492 - whatsapp_worker.processors.actions - INFO - Stage transition: qualification -> followup
2026-02-06 02:37:36,737 - whatsapp_worker.processors.actions - INFO - Stage transition: followup -> cta
2026-02-06 02:37:39,023 - whatsapp_worker.processors.actions - INFO - Stage transition: cta -> followup
2026-02-06 02:37:42,411 - whatsapp_worker.processors.actions - INFO - Stage transition: followup -> cta
2026-02-06 02:38:02,243 - whatsapp_worker.processors.actions - INFO - Stage transition: cta -> followup
2026-02-06 02:38:04,842 - whatsapp_worker.processors.actions - INFO - Stage transition: followup -> qualification
2026-02-06 02:38:09,746 - whatsapp_worker.processors.actions - INFO - Stage transition: qualification -> followup
2026-02-06 02:40:34,714 - whatsapp_worker.processors.actions - INFO - Stage transition: followup -> qualification
2026-02-06 02:41:40,410 - whatsapp_worker.processors.actions - INFO - Stage transition: qualification -> followup
2026-02-06 02:45:22,594 - whatsapp_worker.processors.actions - INFO - Stage transition: followup -> cta
2026-02-06 02:48:01,946 - whatsapp_worker.processors.actions - INFO - Stage transition: cta -> followup
2026-02-06 02:48:08,912 - whatsapp_worker.processors.actions - INFO - Stage transition: followup -> qualification
2026-02-06 02:49:06,442 - whatsapp_worker.processors.actions - INFO - Stage transition: qualification -> followup
2026-02-06 02:49:13,639 - whatsapp_worker.processors.actions - INFO - Stage transition: followup -> cta
2026-02-06 02:49:35,651 - whatsapp_worker.processors.actions - INFO - Stage transition: cta -> followup
2026-02-06 14:03:05,005 - whatsapp_worker.processors.actions - INFO - ACTION REQUIRED: Conversation ca5dd9ef-ca10-430c-a832-31b5370ae2f7 flagged for human attention
2026-02-06 14:03:07,845 - whatsapp_worker.processors.actions - INFO - Stage transition: followup -> cta
2026-02-06 14:03:07,845 - whatsapp_worker.processors.actions - INFO - ACTION REQUIRED: Conversation ca5dd9ef-ca10-430c-a832-31b5370ae2f7 flagged for human attention
2026-02-06 14:05:14,213 - whatsapp_worker.processors.actions - INFO - ACTION REQUIRED: Conversation ca5dd9ef-ca10-430c-a832-31b5370ae2f7 flagged for human attention
2026-02-06 14:05:16,395 - whatsapp_worker.processors.actions - INFO - Stage transition: cta -> qualification
2026-02-06 14:05:19,397 - whatsapp_worker.processors.actions - INFO - ACTION REQUIRED: Conversation ca5dd9ef-ca10-430c-a832-31b5370ae2f7 flagged for human attention
2026-02-06 14:10:23,299 - whatsapp_worker.processors.actions - INFO - ACTION REQUIRED: Conversation ca5dd9ef-ca10-430c-a832-31b5370ae2f7 flagged for human attention
2026-02-06 14:14:07,744 - whatsapp_worker.processors.actions - INFO - ACTION REQUIRED: Conversation ca5dd9ef-ca10-430c-a832-31b5370ae2f7 flagged for human attention
2026-02-06 14:14:10,767 - whatsapp_worker.processors.actions - INFO - Stage transition: qualification -> lost
2026-02-06 14:14:10,767 - whatsapp_worker.processors.actions - INFO - ACTION REQUIRED: Conversation ca5dd9ef-ca10-430c-a832-31b5370ae2f7 flagged for human attention
2026-02-06 14:17:23,129 - whatsapp_worker.processors.actions - INFO - ACTION REQUIRED: Conversation ca5dd9ef-ca10-430c-a832-31b5370ae2f7 flagged for human attention
2026-02-06 14:17:26,086 - whatsapp_worker.processors.actions - INFO - Stage transition: lost -> followup
2026-02-06 14:17:28,626 - whatsapp_worker.processors.actions - INFO - ACTION REQUIRED: Conversation ca5dd9ef-ca10-430c-a832-31b5370ae2f7 flagged for human attention
2026-02-06 14:25:13,140 - whatsapp_worker.processors.actions - INFO - Stage transition: greeting -> qualification
2026-02-06 14:44:03,246 - whatsapp_worker.processors.actions - INFO - Stage transition: followup -> qualification
2026-02-06 14:44:06,472 - whatsapp_worker.processors.actions - INFO - Stage transition: qualification -> followup
2026-02-06 14:44:09,447 - whatsapp_worker.processors.actions - INFO - Stage transition: followup -> greeting
2026-02-06 14:49:10,242 - whatsapp_worker.processors.actions - INFO - Stage transition: greeting -> qualification
2026-02-06 14:49:13,112 - whatsapp_worker.processors.actions - INFO - Stage transition: qualification -> ghosted
2026-02-06 14:49:16,720 - whatsapp_worker.processors.actions - INFO - Stage transition: ghosted -> lost
2026-02-06 14:49:16,720 - whatsapp_worker.processors.actions - INFO - ACTION REQUIRED: Conversation ca5dd9ef-ca10-430c-a832-31b5370ae2f7 flagged for human attention
2026-02-06 14:53:20,843 - whatsapp_worker.processors.actions - INFO - ACTION REQUIRED: Conversation ca5dd9ef-ca10-430c-a832-31b5370ae2f7 flagged for human attention
2026-02-06 14:53:28,210 - whatsapp_worker.processors.actions - INFO - ACTION REQUIRED: Conversation ca5dd9ef-ca10-430c-a832-31b5370ae2f7 flagged for human attention
2026-02-06 14:59:07,084 - whatsapp_worker.processors.actions - INFO - Stage transition: lost -> qualification
2026-02-06 14:59:10,207 - whatsapp_worker.processors.actions - INFO - Stage transition: qualification -> lost
2026-02-06 14:59:10,207 - whatsapp_worker.processors.actions - INFO - ACTION REQUIRED: Conversation ca5dd9ef-ca10-430c-a832-31b5370ae2f7 flagged for human attention
2026-02-06 14:59:12,975 - whatsapp_worker.processors.actions - INFO - ACTION REQUIRED: Conversation ca5dd9ef-ca10-430c-a832-31b5370ae2f7 flagged for human attention
2026-02-06 14:59:16,082 - whatsapp_worker.processors.actions - INFO - ACTION REQUIRED: Conversation ca5dd9ef-ca10-430c-a832-31b5370ae2f7 flagged for human attention
2026-02-06 15:05:10,985 - whatsapp_worker.processors.actions - INFO - ACTION REQUIRED: Conversation ca5dd9ef-ca10-430c-a832-31b5370ae2f7 flagged for human attention
2026-02-06 15:05:14,375 - whatsapp_worker.processors.actions - INFO - Stage transition: lost -> pricing
2026-02-06 15:05:18,631 - whatsapp_worker.processors.actions - INFO - Stage transition: pricing -> lost
2026-02-06 15:05:18,631 - whatsapp_worker.processors.actions - INFO - ACTION REQUIRED: Conversation ca5dd9ef-ca10-430c-a832-31b5370ae2f7 flagged for human attention
2026-02-06 15:05:21,735 - whatsapp_worker.processors.actions - INFO - ACTION REQUIRED: Conversation ca5dd9ef-ca10-430c-a832-31b5370ae2f7 flagged for human attention
2026-02-06 15:10:33,810 - whatsapp_worker.processors.actions - INFO - Stage transition: greeting -> qualification
2026-02-06 15:20:20,776 - whatsapp_worker.processors.actions - INFO - ACTION REQUIRED: Conversation 8bd3c160-b7aa-4153-ab48-606d932d7865 flagged for human attention
2026-02-07 12:02:03,951 - whatsapp_worker.processors.actions - INFO - Stage transition: greeting -> lost
2026-02-07 12:02:03,951 - whatsapp_worker.processors.actions - INFO - ACTION REQUIRED: Conversation b8219111-6a5e-4bbc-b3f9-c8153874ddaf flagged for human attention
2026-02-07 12:15:43,859 - whatsapp_worker.processors.actions - INFO - Stage transition: greeting -> qualification
2026-02-07 12:21:03,783 - whatsapp_worker.processors.actions - INFO - Stage transition: qualification -> pricing
2026-02-07 13:34:28,485 - whatsapp_worker.processors.actions - INFO - ACTION REQUIRED: Conversation ca5dd9ef-ca10-430c-a832-31b5370ae2f7 flagged for human attention
2026-02-07 13:34:31,388 - whatsapp_worker.processors.actions - INFO - ACTION REQUIRED: Conversation ca5dd9ef-ca10-430c-a832-31b5370ae2f7 flagged for human attention
2026-02-07 13:34:33,856 - whatsapp_worker.processors.actions - INFO - ACTION REQUIRED: Conversation ca5dd9ef-ca10-430c-a832-31b5370ae2f7 flagged for human attention
2026-02-07 13:34:36,840 - whatsapp_worker.processors.actions - INFO - ACTION REQUIRED: Conversation ca5dd9ef-ca10-430c-a832-31b5370ae2f7 flagged for human attention
2026-02-07 15:09:43,338 - whatsapp_worker.processors.actions - INFO - ACTION REQUIRED: Conversation ca5dd9ef-ca10-430c-a832-31b5370ae2f7 flagged for human attention
2026-02-07 15:09:45,948 - whatsapp_worker.processors.actions - INFO - ACTION REQUIRED: Conversation ca5dd9ef-ca10-430c-a832-31b5370ae2f7 flagged for human attention
2026-02-07 15:09:49,255 - whatsapp_worker.processors.actions - INFO - ACTION REQUIRED: Conversation ca5dd9ef-ca10-430c-a832-31b5370ae2f7 flagged for human attention
2026-02-07 15:09:52,213 - whatsapp_worker.processors.actions - INFO - ACTION REQUIRED: Conversation ca5dd9ef-ca10-430c-a832-31b5370ae2f7 flagged for human attention
2026-02-07 15:11:07,366 - whatsapp_worker.processors.actions - INFO - ACTION REQUIRED: Conversation ca5dd9ef-ca10-430c-a832-31b5370ae2f7 flagged for human attention
2026-02-07 15:11:11,659 - whatsapp_worker.processors.actions - INFO - ACTION REQUIRED: Conversation ca5dd9ef-ca10-430c-a832-31b5370ae2f7 flagged for human attention
2026-02-07 15:11:13,901 - whatsapp_worker.processors.actions - INFO - ACTION REQUIRED: Conversation ca5dd9ef-ca10-430c-a832-31b5370ae2f7 flagged for human attention
2026-02-07 15:11:17,731 - whatsapp_worker.processors.actions - INFO - ACTION REQUIRED: Conversation ca5dd9ef-ca10-430c-a832-31b5370ae2f7 flagged for human attention
